TN:
SF:/Users/boonhuitan/personal/seek/job-ads-checkout/src/di.ts
FN:27,initDI
FNF:1
FNH:0
FNDA:0,initDI
DA:3,0
DA:4,0
DA:5,0
DA:8,0
DA:9,0
DA:10,0
DA:13,0
DA:14,0
DA:27,0
DA:28,0
DA:35,0
DA:42,0
DA:45,0
DA:53,0
DA:55,0
DA:56,0
DA:57,0
DA:59,0
LF:18
LH:0
BRF:0
BRH:0
end_of_record
TN:
SF:/Users/boonhuitan/personal/seek/job-ads-checkout/src/resolversMap.ts
FN:6,resolversMap
FN:9,(anonymous_1)
FNF:2
FNH:0
FNDA:0,resolversMap
FNDA:0,(anonymous_1)
DA:3,0
DA:4,0
DA:6,0
DA:7,0
DA:9,0
DA:12,0
DA:17,0
DA:24,0
LF:8
LH:0
BRF:0
BRH:0
end_of_record
TN:
SF:/Users/boonhuitan/personal/seek/job-ads-checkout/src/server.ts
FN:6,default_1
FNF:1
FNH:0
FNDA:0,default_1
DA:2,0
DA:3,0
DA:4,0
DA:6,0
DA:7,0
DA:8,0
DA:10,0
DA:16,0
DA:18,0
LF:9
LH:0
BRF:0
BRH:0
end_of_record
TN:
SF:/Users/boonhuitan/personal/seek/job-ads-checkout/src/start.ts
FN:11,(anonymous_0)
FN:22,(anonymous_1)
FNF:2
FNH:0
FNDA:0,(anonymous_0)
FNDA:0,(anonymous_1)
DA:1,0
DA:2,0
DA:3,0
DA:4,0
DA:5,0
DA:9,0
DA:11,0
DA:12,0
DA:14,0
DA:18,0
DA:20,0
DA:22,0
DA:23,0
LF:13
LH:0
BRF:0
BRH:0
end_of_record
TN:
SF:/Users/boonhuitan/personal/seek/job-ads-checkout/src/__tests__/di.unit.test.ts
FN:6,(anonymous_0)
FN:7,(anonymous_1)
FNF:2
FNH:2
FNDA:1,(anonymous_0)
FNDA:1,(anonymous_1)
DA:1,1
DA:2,1
DA:3,1
DA:4,1
DA:6,1
DA:7,1
DA:8,1
DA:10,1
LF:8
LH:8
BRF:0
BRH:0
end_of_record
TN:
SF:/Users/boonhuitan/personal/seek/job-ads-checkout/src/config/default.ts
FNF:0
FNH:0
DA:2,1
DA:4,1
DA:14,1
LF:3
LH:3
BRF:0
BRH:0
end_of_record
TN:
SF:/Users/boonhuitan/personal/seek/job-ads-checkout/src/config/development.ts
FNF:0
FNH:0
DA:1,1
DA:2,1
DA:5,1
DA:9,1
LF:4
LH:4
BRF:0
BRH:0
end_of_record
TN:
SF:/Users/boonhuitan/personal/seek/job-ads-checkout/src/config/index.ts
FN:25,getConfig
FNF:1
FNH:1
FNDA:1,getConfig
DA:1,1
DA:2,1
DA:20,1
DA:25,1
DA:26,1
DA:27,1
DA:30,1
LF:7
LH:7
BRDA:26,0,0,1
BRDA:26,0,1,1
BRDA:26,1,0,1
BRDA:26,1,1,0
BRDA:27,2,0,1
BRDA:27,2,1,1
BRF:6
BRH:5
end_of_record
TN:
SF:/Users/boonhuitan/personal/seek/job-ads-checkout/src/config/production.ts
FNF:0
FNH:0
DA:1,1
DA:2,1
DA:4,1
DA:6,1
DA:16,1
LF:5
LH:5
BRF:0
BRH:0
end_of_record
TN:
SF:/Users/boonhuitan/personal/seek/job-ads-checkout/src/lib/schemaFactory.ts
FN:6,readFile
FN:10,schemaFactory
FNF:2
FNH:2
FNDA:2,readFile
FNDA:2,schemaFactory
DA:1,1
DA:2,1
DA:3,1
DA:7,2
DA:10,1
DA:15,2
LF:6
LH:6
BRDA:12,0,0,0
BRDA:13,1,0,2
BRF:2
BRH:1
end_of_record
TN:
SF:/Users/boonhuitan/personal/seek/job-ads-checkout/src/lib/models/checkout.ts
FNF:0
FNH:0
DA:1,0
DA:2,0
DA:16,0
DA:28,0
LF:4
LH:0
BRF:0
BRH:0
end_of_record
TN:
SF:/Users/boonhuitan/personal/seek/job-ads-checkout/src/lib/models/customer.ts
FNF:0
FNH:0
DA:1,0
DA:2,0
DA:27,0
DA:55,0
LF:4
LH:0
BRF:0
BRH:0
end_of_record
TN:
SF:/Users/boonhuitan/personal/seek/job-ads-checkout/src/lib/models/product.ts
FN:4,(anonymous_0)
FNF:1
FNH:0
FNDA:0,(anonymous_0)
DA:1,0
DA:2,0
DA:4,0
DA:5,0
DA:6,0
DA:7,0
DA:16,0
DA:25,0
LF:8
LH:0
BRDA:4,0,0,0
BRDA:4,0,1,0
BRF:2
BRH:0
end_of_record
TN:
SF:/Users/boonhuitan/personal/seek/job-ads-checkout/src/lib/rules/discount.ts
FN:1,(anonymous_0)
FN:6,getDiscountedPrice
FNF:2
FNH:0
FNDA:0,(anonymous_0)
FNDA:0,getDiscountedPrice
DA:1,0
DA:2,0
DA:3,0
DA:6,0
DA:7,0
DA:8,0
DA:10,0
DA:11,0
DA:13,0
DA:14,0
DA:18,0
LF:11
LH:0
BRDA:1,0,0,0
BRDA:1,0,1,0
BRDA:9,1,0,0
BRDA:9,1,1,0
BRDA:18,2,0,0
BRDA:18,2,1,0
BRF:6
BRH:0
end_of_record
TN:
SF:/Users/boonhuitan/personal/seek/job-ads-checkout/src/lib/rules/engine.ts
FN:20,(anonymous_0)
FN:35,(anonymous_1)
FN:43,createRule
FN:53,calculateFinalPrice
FN:54,(anonymous_4)
FN:55,(anonymous_5)
FNF:6
FNH:0
FNDA:0,(anonymous_0)
FNDA:0,(anonymous_1)
FNDA:0,createRule
FNDA:0,calculateFinalPrice
FNDA:0,(anonymous_4)
FNDA:0,(anonymous_5)
DA:2,0
DA:4,0
DA:13,0
DA:21,0
DA:22,0
DA:23,0
DA:24,0
DA:28,0
DA:36,0
DA:37,0
DA:38,0
DA:39,0
DA:43,0
DA:44,0
DA:45,0
DA:46,0
DA:47,0
DA:50,0
DA:53,0
DA:54,0
DA:55,0
DA:57,0
DA:58,0
DA:59,0
DA:62,0
DA:63,0
DA:66,0
DA:69,0
LF:28
LH:0
BRDA:44,0,0,0
BRDA:44,0,1,0
BRDA:45,1,0,0
BRDA:45,1,1,0
BRDA:46,2,0,0
BRDA:46,2,1,0
BRDA:46,3,0,0
BRDA:46,3,1,0
BRDA:46,4,0,0
BRDA:46,4,1,0
BRDA:46,5,0,0
BRDA:46,5,1,0
BRDA:58,6,0,0
BRDA:58,6,1,0
BRDA:62,7,0,0
BRDA:62,7,1,0
BRF:16
BRH:0
end_of_record
TN:
SF:/Users/boonhuitan/personal/seek/job-ads-checkout/src/lib/rules/index.ts
FNF:0
FNH:0
DA:1,0
DA:2,0
LF:2
LH:0
BRF:0
BRH:0
end_of_record
TN:
SF:/Users/boonhuitan/personal/seek/job-ads-checkout/src/lib/rules/xForY.ts
FN:1,getProductQuantityFromXforY
FN:7,getXforYPrice
FNF:2
FNH:0
FNDA:0,getProductQuantityFromXforY
FNDA:0,getXforYPrice
DA:1,0
DA:2,0
DA:4,0
DA:7,0
DA:8,0
DA:9,0
DA:10,0
DA:11,0
DA:14,0
LF:9
LH:0
BRDA:10,0,0,0
BRDA:10,0,1,0
BRF:2
BRH:0
end_of_record
TN:
SF:/Users/boonhuitan/personal/seek/job-ads-checkout/src/lib/rules/__tests__/engine.unit.test.ts
FN:9,(anonymous_0)
FN:10,(anonymous_1)
FN:28,(anonymous_2)
FN:45,(anonymous_3)
FNF:4
FNH:4
FNDA:1,(anonymous_0)
FNDA:1,(anonymous_1)
FNDA:1,(anonymous_2)
FNDA:1,(anonymous_3)
DA:1,1
DA:2,1
DA:5,1
DA:6,1
DA:7,1
DA:9,1
DA:10,1
DA:11,1
DA:12,1
DA:22,1
DA:24,1
DA:25,1
DA:28,1
DA:29,1
DA:30,1
DA:40,1
DA:41,1
DA:42,1
DA:45,1
DA:46,1
DA:63,1
DA:64,1
DA:66,1
DA:67,1
LF:24
LH:24
BRF:0
BRH:0
end_of_record
TN:
SF:/Users/boonhuitan/personal/seek/job-ads-checkout/src/lib/rules/__tests__/xForY.unit.test.ts
FN:6,(anonymous_0)
FN:7,(anonymous_1)
FN:15,(anonymous_2)
FN:24,(anonymous_3)
FNF:4
FNH:4
FNDA:1,(anonymous_0)
FNDA:1,(anonymous_1)
FNDA:1,(anonymous_2)
FNDA:1,(anonymous_3)
DA:1,1
DA:2,1
DA:4,1
DA:6,1
DA:7,1
DA:8,1
DA:9,1
DA:10,1
DA:11,1
DA:12,1
DA:15,1
DA:16,1
DA:17,1
DA:18,1
DA:19,1
DA:21,1
DA:24,1
DA:25,1
DA:26,1
DA:27,1
DA:28,1
DA:30,1
LF:22
LH:22
BRF:0
BRH:0
end_of_record
TN:
SF:/Users/boonhuitan/personal/seek/job-ads-checkout/src/modules/checkout/Checkout.resolver.ts
FN:13,getPopulatedCheckout
FN:17,getCheckout
FN:31,createCheckout
FN:56,updateCheckout
FN:65,(anonymous_4)
FN:78,getTotal
FNF:6
FNH:0
FNDA:0,getPopulatedCheckout
FNDA:0,getCheckout
FNDA:0,createCheckout
FNDA:0,updateCheckout
FNDA:0,(anonymous_4)
FNDA:0,getTotal
DA:1,0
DA:2,0
DA:11,0
DA:14,0
DA:17,0
DA:18,0
DA:20,0
DA:22,0
DA:24,0
DA:31,0
DA:32,0
DA:43,0
DA:45,0
DA:47,0
DA:48,0
DA:50,0
DA:53,0
DA:56,0
DA:57,0
DA:59,0
DA:61,0
DA:62,0
DA:65,0
DA:72,0
DA:75,0
DA:78,0
DA:79,0
DA:81,0
DA:82,0
DA:83,0
DA:86,0
DA:88,0
DA:91,0
LF:33
LH:0
BRDA:20,0,0,0
BRDA:20,0,1,0
BRDA:43,1,0,0
BRDA:43,1,1,0
BRDA:45,2,0,0
BRDA:45,2,1,0
BRDA:59,3,0,0
BRDA:59,3,1,0
BRDA:82,4,0,0
BRDA:82,4,1,0
BRDA:86,5,0,0
BRDA:86,5,1,0
BRDA:88,6,0,0
BRDA:88,6,1,0
BRF:14
BRH:0
end_of_record
TN:
SF:/Users/boonhuitan/personal/seek/job-ads-checkout/src/modules/checkout/index.ts
FNF:0
FNH:0
DA:1,0
LF:1
LH:0
BRF:0
BRH:0
end_of_record
TN:
SF:/Users/boonhuitan/personal/seek/job-ads-checkout/src/modules/checkout/__tests__/Checkout.api.test.ts
FN:4,(anonymous_0)
FN:5,(anonymous_1)
FN:26,(anonymous_2)
FN:38,(anonymous_3)
FN:49,(anonymous_4)
FN:60,(anonymous_5)
FNF:6
FNH:6
FNDA:1,(anonymous_0)
FNDA:1,(anonymous_1)
FNDA:1,(anonymous_2)
FNDA:1,(anonymous_3)
FNDA:1,(anonymous_4)
FNDA:1,(anonymous_5)
DA:1,1
DA:2,1
DA:4,1
DA:5,1
DA:6,1
DA:21,1
DA:22,1
DA:23,1
DA:26,1
DA:27,1
DA:34,1
DA:35,1
DA:38,1
DA:39,1
DA:46,1
DA:49,1
DA:50,1
DA:57,1
DA:60,1
DA:61,1
DA:94,1
DA:95,1
DA:96,1
DA:97,1
LF:24
LH:24
BRF:0
BRH:0
end_of_record
TN:
SF:/Users/boonhuitan/personal/seek/job-ads-checkout/src/modules/lineItem/LineItem.resolver.ts
FN:3,getQuantity
FNF:1
FNH:0
FNDA:0,getQuantity
DA:4,0
DA:7,0
LF:2
LH:0
BRDA:4,0,0,0
BRDA:4,0,1,0
BRDA:4,1,0,0
BRDA:4,1,1,0
BRDA:4,2,0,0
BRDA:4,2,1,0
BRF:6
BRH:0
end_of_record
TN:
SF:/Users/boonhuitan/personal/seek/job-ads-checkout/src/modules/lineItem/index.ts
FNF:0
FNH:0
DA:1,0
LF:1
LH:0
BRF:0
BRH:0
end_of_record
TN:
SF:/Users/boonhuitan/personal/seek/job-ads-checkout/src/modules/product/Product.resolver.ts
FN:5,resolveType
FNF:1
FNH:0
FNDA:0,resolveType
DA:2,0
DA:6,0
DA:8,0
DA:10,0
DA:12,0
DA:15,0
DA:18,0
LF:7
LH:0
BRDA:7,0,0,0
BRDA:7,0,1,0
BRDA:7,0,2,0
BRF:3
BRH:0
end_of_record
TN:
SF:/Users/boonhuitan/personal/seek/job-ads-checkout/src/modules/product/index.ts
FNF:0
FNH:0
DA:1,0
LF:1
LH:0
BRF:0
BRH:0
end_of_record
